<?xml version="1.0" encoding="UTF-8"?>
<!-- Generated by org.testng.reporters.JUnitReportReporter -->
<testsuite hostname="wca-s647039" failures="0" tests="1" name="OnlinerTest" time="12.193" errors="0" timestamp="2023-02-20T15:49:17 MSK" skipped="0">
  <testcase classname="OnlinerTest" name="onlinerTest" time="12.193"/>
  <system-out/>
</testsuite> <!-- OnlinerTest -->
