<?xml version="1.0" encoding="UTF-8"?>
<!-- Generated by org.testng.reporters.JUnitReportReporter -->
<testsuite hostname="wca-s647039" failures="0" tests="1" name="onliner.tests.FiltrationAuto" time="52.285" errors="0" timestamp="2023-03-06T16:53:27 MSK" skipped="0">
  <testcase classname="onliner.tests.FiltrationAuto" name="autobaraholkaTest" time="52.285"/>
  <system-out/>
</testsuite> <!-- onliner.tests.FiltrationAuto -->
